[preview.locotheme.com/grandium-html/index.html]
[backblue.gif]
[fade.gif]
[index.html]
[preview.locotheme.com/grandium-html/assets/img/favicon.png]
[preview.locotheme.com/grandium-html/assets/img/apple-touch-icon.png]
[preview.locotheme.com/grandium-html/assets/img/apple-touch-icon-76x76.png]
[preview.locotheme.com/grandium-html/assets/img/apple-touch-icon-120x120.png]
[preview.locotheme.com/grandium-html/assets/img/apple-touch-icon-152x152.png]
[preview.locotheme.com/grandium-html/assets/img/apple-touch-icon-167x167.png]
[preview.locotheme.com/grandium-html/assets/img/apple-touch-icon-180x180.png]
[preview.locotheme.com/grandium-html/assets/css/bootstrap.min.css]
[preview.locotheme.com/grandium-html/assets/css/font.awesome.min.css]
[preview.locotheme.com/grandium-html/assets/css/magnific.popup.css]
[preview.locotheme.com/grandium-html/assets/css/owl.carousel.css]
[preview.locotheme.com/grandium-html/assets/css/owl.theme.default.css]
[preview.locotheme.com/grandium-html/assets/css/jquery-ui.css]
[preview.locotheme.com/grandium-html/assets/css/style.css]
[preview.locotheme.com/grandium-html/assets/css/responsive.css]
[www.google-analytics.com/analytics.js]
[preview.locotheme.com/grandium-html/assets/img/loading.gif]
[preview.locotheme.com/grandium-html/assets/img/logo.png]
[preview.locotheme.com/grandium-html/aboutus.html]
[preview.locotheme.com/grandium-html/rooms.html]
[preview.locotheme.com/grandium-html/rooms-detail.html]
[preview.locotheme.com/grandium-html/services.html]
[preview.locotheme.com/grandium-html/gallery.html]
[preview.locotheme.com/grandium-html/booking.html]
[preview.locotheme.com/grandium-html/blog.html]
[preview.locotheme.com/grandium-html/blog-single.html]
[preview.locotheme.com/grandium-html/blog-single-gallery.html]
[preview.locotheme.com/grandium-html/blog-single-vimeo.html]
[preview.locotheme.com/grandium-html/blog-single-youtube.html]
[preview.locotheme.com/grandium-html/contactus.html]
[preview.locotheme.com/grandium-html/assets/img/photo-services-6-1.jpg]
[preview.locotheme.com/grandium-html/assets/img/photo-services-1-2.jpg]
[preview.locotheme.com/grandium-html/assets/img/photo-services-2-1.jpg]
[preview.locotheme.com/grandium-html/assets/img/photo-services-3-1.jpg]
[preview.locotheme.com/grandium-html/assets/img/photo-services-4-1.jpg]
[preview.locotheme.com/grandium-html/assets/img/photo-services-5-1.jpg]
[preview.locotheme.com/grandium-html/assets/js/jquery.min.js]
[preview.locotheme.com/grandium-html/assets/js/jquery-ui.min.js]
[preview.locotheme.com/grandium-html/assets/js/jquery.fitvids.js]
[preview.locotheme.com/grandium-html/assets/js/bootstrap.min.js]
[preview.locotheme.com/grandium-html/assets/js/magnific.popup.min.js]
[preview.locotheme.com/grandium-html/assets/js/imagesloaded.pkgd.js]
[preview.locotheme.com/grandium-html/assets/js/isotope.pkgd.min.js]
[preview.locotheme.com/grandium-html/assets/js/owl.carousel.min.js]
[preview.locotheme.com/grandium-html/assets/js/booking.form.js]
[preview.locotheme.com/grandium-html/assets/js/contact.form.js]
[preview.locotheme.com/grandium-html/assets/js/gmap3.min.js]
[preview.locotheme.com/grandium-html/index.html]
[preview.locotheme.com/grandium-html/assets/js/custom.js]
[preview.locotheme.com/grandium-html/assets/fonts/glyphicons-halflings-regular.eot]
[preview.locotheme.com/grandium-html/assets/fonts/glyphicons-halflings-regulard41d.eot]
[preview.locotheme.com/grandium-html/assets/fonts/glyphicons-halflings-regular.woff]
[preview.locotheme.com/grandium-html/assets/fonts/glyphicons-halflings-regular.ttf]
[preview.locotheme.com/grandium-html/assets/css/bootstrap.min.css]
[preview.locotheme.com/grandium-html/assets/fonts/fontawesome-webfont3295.eot]
[preview.locotheme.com/grandium-html/assets/fonts/fontawesome-webfontd41d.eot]
[preview.locotheme.com/grandium-html/assets/fonts/fontawesome-webfont3295.woff]
[preview.locotheme.com/grandium-html/assets/fonts/fontawesome-webfont3295.ttf]
[preview.locotheme.com/grandium-html/assets/css/font.awesome.min.css]
[preview.locotheme.com/grandium-html/assets/css/magnific.popup.css]
[preview.locotheme.com/grandium-html/assets/css/owl.carousel.css]
[preview.locotheme.com/grandium-html/assets/css/owl.theme.default.css]
[preview.locotheme.com/grandium-html/assets/img/ui-icons_24324a_256x240.png]
[preview.locotheme.com/grandium-html/assets/img/ui-icons_d77b5d_256x240.png]
[preview.locotheme.com/grandium-html/assets/img/ui-icons_ffffff_256x240.png]
[preview.locotheme.com/grandium-html/assets/img/ui-icons_ffd27a_256x240.png]
[preview.locotheme.com/grandium-html/assets/css/jquery-ui.css]
[preview.locotheme.com/grandium-html/assets/css/style.css]
[preview.locotheme.com/grandium-html/assets/css/responsive.css]
[preview.locotheme.com/grandium-html/aboutus.html]
[preview.locotheme.com/grandium-html/rooms.html]
[preview.locotheme.com/grandium-html/assets/img/photo-room-detail-5.jpg]
[preview.locotheme.com/grandium-html/assets/img/photo-room-detail-4.jpg]
[preview.locotheme.com/grandium-html/assets/img/photo-room-detail-3.jpg]
[preview.locotheme.com/grandium-html/assets/img/photo-room-detail-2.jpg]
[preview.locotheme.com/grandium-html/assets/img/photo-room-detail-1.jpg]
[preview.locotheme.com/grandium-html/rooms-detail.html]
[preview.locotheme.com/grandium-html/services.html]
[preview.locotheme.com/grandium-html/assets/img/photo-gallery-1.jpg]
[preview.locotheme.com/grandium-html/assets/img/photo-gallery-6.jpg]
[preview.locotheme.com/grandium-html/assets/img/photo-gallery-7.jpg]
[preview.locotheme.com/grandium-html/assets/img/photo-gallery-8.jpg]
[preview.locotheme.com/grandium-html/assets/img/photo-gallery-9.jpg]
[preview.locotheme.com/grandium-html/assets/img/photo-gallery-2.jpg]
[preview.locotheme.com/grandium-html/assets/img/photo-gallery-10.jpg]
[preview.locotheme.com/grandium-html/assets/img/photo-gallery-11.jpg]
[preview.locotheme.com/grandium-html/assets/img/photo-gallery-12.jpg]
[preview.locotheme.com/grandium-html/assets/img/photo-gallery-13.jpg]
[preview.locotheme.com/grandium-html/assets/img/photo-gallery-3.jpg]
[preview.locotheme.com/grandium-html/assets/img/photo-gallery-14.jpg]
[preview.locotheme.com/grandium-html/assets/img/photo-gallery-15.jpg]
[preview.locotheme.com/grandium-html/assets/img/photo-gallery-16.jpg]
[preview.locotheme.com/grandium-html/assets/img/photo-gallery-17.jpg]
[preview.locotheme.com/grandium-html/assets/img/photo-gallery-4.jpg]
[preview.locotheme.com/grandium-html/gallery.html]
[preview.locotheme.com/grandium-html/booking.html]
[preview.locotheme.com/grandium-html/blog.html]
[preview.locotheme.com/grandium-html/assets/img/photo-blog-big-1.jpg]
[preview.locotheme.com/grandium-html/assets/img/user-1.jpg]
[preview.locotheme.com/grandium-html/assets/img/user-2.jpg]
[preview.locotheme.com/grandium-html/assets/img/user-3.jpg]
[preview.locotheme.com/grandium-html/assets/img/user-4.jpg]
[preview.locotheme.com/grandium-html/blog-single.html]
[preview.locotheme.com/grandium-html/assets/img/photo-blog-big-2.jpg]
[preview.locotheme.com/grandium-html/assets/img/photo-blog-big-3.jpg]
[preview.locotheme.com/grandium-html/blog-single-gallery.html]
[preview.locotheme.com/grandium-html/blog-single-vimeo.html]
[preview.locotheme.com/grandium-html/blog-single-youtube.html]
[preview.locotheme.com/grandium-html/contactus.html]
[preview.locotheme.com/grandium-html/assets/fonts/glyphicons-halflings-regular.html]
[preview.locotheme.com/grandium-html/assets/fonts/glyphicons-halflings-regular.svg]
[preview.locotheme.com/grandium-html/assets/fonts/fontawesome-webfont3295.html]
[preview.locotheme.com/grandium-html/assets/fonts/fontawesome-webfont3295.svg]
[preview.locotheme.com/grandium-html/assets/css/owl.video.play.html]
